<?xml version="1.0" encoding="UTF-8"?>
<!-- Generated by org.testng.reporters.JUnitXMLReporter -->
<testsuite hostname="DESKTOP-CPV6QQU" name="HRMS" tests="5" failures="0" timestamp="20 Aug 2019 11:29:18 GMT" time="32.8" errors="0">
  <testcase name="Test1" time="4.978" classname="com.hrm.Testscripts.TC_01"/>
  <testcase name="Test2" time="6.415" classname="com.hrm.Testscripts.TC_02"/>
  <testcase name="Test3" time="5.078" classname="com.hrm.Testscripts.TC_03"/>
  <testcase name="Test4" time="7.406" classname="com.hrm.Testscripts.TC_04"/>
  <testcase name="Test5" time="8.892" classname="com.hrm.Testscripts.TC_05"/>
</testsuite> <!-- HRMS -->
