<?xml version="1.0" encoding="UTF-8"?>
<testng-results skipped="0" failed="0" total="1" passed="1">
  <reporter-output>
    <line>
      <![CDATA[Application opened]]>
    </line>
    <line>
      <![CDATA[HRMS title Matched]]>
    </line>
    <line>
      <![CDATA[Login Completed]]>
    </line>
    <line>
      <![CDATA[Welcome txt Matched]]>
    </line>
    <line>
      <![CDATA[Logout Completed]]>
    </line>
    <line>
      <![CDATA[Application closed]]>
    </line>
  </reporter-output>
  <suite name="Default suite" duration-ms="5358" started-at="2019-08-23T06:23:36Z" finished-at="2019-08-23T06:23:42Z">
    <groups>
    </groups>
    <test name="Default test" duration-ms="5358" started-at="2019-08-23T06:23:36Z" finished-at="2019-08-23T06:23:42Z">
      <class name="com.hrm.Testscripts.TCnew_01">
        <test-method status="PASS" signature="Test1()[pri:0, instance:com.hrm.Testscripts.TCnew_01@51efea79]" name="Test1" duration-ms="5344" started-at="2019-08-23T11:53:36Z" finished-at="2019-08-23T11:53:42Z">
          <reporter-output>
            <line>
              <![CDATA[Application opened]]>
            </line>
            <line>
              <![CDATA[HRMS title Matched]]>
            </line>
            <line>
              <![CDATA[Login Completed]]>
            </line>
            <line>
              <![CDATA[Welcome txt Matched]]>
            </line>
            <line>
              <![CDATA[Logout Completed]]>
            </line>
            <line>
              <![CDATA[Application closed]]>
            </line>
          </reporter-output>
        </test-method> <!-- Test1 -->
      </class> <!-- com.hrm.Testscripts.TCnew_01 -->
    </test> <!-- Default test -->
  </suite> <!-- Default suite -->
</testng-results>
